{"total": {"lines":{"total":92,"covered":91,"skipped":0,"pct":98.91},"statements":{"total":98,"covered":97,"skipped":0,"pct":98.97},"functions":{"total":25,"covered":25,"skipped":0,"pct":100},"branches":{"total":45,"covered":38,"skipped":0,"pct":84.44},"branchesTrue":{"total":0,"covered":0,"skipped":0,"pct":100}}
,"C:\\Users\\rohan\\workspace_project\\story-engine\\src\\App.jsx": {"lines":{"total":48,"covered":47,"skipped":0,"pct":97.91},"functions":{"total":10,"covered":10,"skipped":0,"pct":100},"statements":{"total":49,"covered":48,"skipped":0,"pct":97.95},"branches":{"total":16,"covered":11,"skipped":0,"pct":68.75}}
,"C:\\Users\\rohan\\workspace_project\\story-engine\\src\\components\\MusicBrief.jsx": {"lines":{"total":8,"covered":8,"skipped":0,"pct":100},"functions":{"total":3,"covered":3,"skipped":0,"pct":100},"statements":{"total":8,"covered":8,"skipped":0,"pct":100},"branches":{"total":6,"covered":6,"skipped":0,"pct":100}}
,"C:\\Users\\rohan\\workspace_project\\story-engine\\src\\utils\\api.js": {"lines":{"total":5,"covered":5,"skipped":0,"pct":100},"functions":{"total":1,"covered":1,"skipped":0,"pct":100},"statements":{"total":5,"covered":5,"skipped":0,"pct":100},"branches":{"total":6,"covered":6,"skipped":0,"pct":100}}
,"C:\\Users\\rohan\\workspace_project\\story-engine\\src\\utils\\lore.js": {"lines":{"total":1,"covered":1,"skipped":0,"pct":100},"functions":{"total":0,"covered":0,"skipped":0,"pct":100},"statements":{"total":1,"covered":1,"skipped":0,"pct":100},"branches":{"total":0,"covered":0,"skipped":0,"pct":100}}
,"C:\\Users\\rohan\\workspace_project\\story-engine\\src\\utils\\musicAnalyzer.js": {"lines":{"total":7,"covered":7,"skipped":0,"pct":100},"functions":{"total":1,"covered":1,"skipped":0,"pct":100},"statements":{"total":9,"covered":9,"skipped":0,"pct":100},"branches":{"total":8,"covered":6,"skipped":0,"pct":75}}
,"C:\\Users\\rohan\\workspace_project\\story-engine\\src\\utils\\musicDatabase.js": {"lines":{"total":1,"covered":1,"skipped":0,"pct":100},"functions":{"total":0,"covered":0,"skipped":0,"pct":100},"statements":{"total":1,"covered":1,"skipped":0,"pct":100},"branches":{"total":0,"covered":0,"skipped":0,"pct":100}}
,"C:\\Users\\rohan\\workspace_project\\story-engine\\src\\utils\\musicMatcher.js": {"lines":{"total":13,"covered":13,"skipped":0,"pct":100},"functions":{"total":7,"covered":7,"skipped":0,"pct":100},"statements":{"total":16,"covered":16,"skipped":0,"pct":100},"branches":{"total":7,"covered":7,"skipped":0,"pct":100}}
,"C:\\Users\\rohan\\workspace_project\\story-engine\\src\\utils\\parseResponse.js": {"lines":{"total":9,"covered":9,"skipped":0,"pct":100},"functions":{"total":3,"covered":3,"skipped":0,"pct":100},"statements":{"total":9,"covered":9,"skipped":0,"pct":100},"branches":{"total":2,"covered":2,"skipped":0,"pct":100}}
}
