TN:
SF:src\App.jsx
FN:14,App
FN:26,(anonymous_1)
FN:32,(anonymous_2)
FN:46,(anonymous_3)
FN:65,(anonymous_4)
FN:81,(anonymous_5)
FN:114,(anonymous_6)
FN:125,(anonymous_7)
FN:153,(anonymous_8)
FN:157,(anonymous_9)
FNF:10
FNH:10
FNDA:40,App
FNDA:40,(anonymous_1)
FNDA:8,(anonymous_2)
FNDA:12,(anonymous_3)
FNDA:8,(anonymous_4)
FNDA:12,(anonymous_5)
FNDA:8,(anonymous_6)
FNDA:8,(anonymous_7)
FNDA:84,(anonymous_8)
FNDA:12,(anonymous_9)
DA:8,1
DA:15,40
DA:16,40
DA:17,40
DA:18,40
DA:19,40
DA:20,40
DA:21,40
DA:22,40
DA:23,40
DA:24,40
DA:26,40
DA:27,40
DA:28,40
DA:32,40
DA:33,8
DA:34,8
DA:35,8
DA:36,8
DA:37,7
DA:38,7
DA:40,0
DA:42,7
DA:46,40
DA:47,12
DA:48,12
DA:49,12
DA:51,12
DA:56,12
DA:57,12
DA:58,8
DA:60,8
DA:65,8
DA:70,8
DA:71,8
DA:74,2
DA:75,2
DA:77,10
DA:81,40
DA:82,12
DA:83,12
DA:86,40
DA:115,8
DA:116,8
DA:126,8
DA:154,84
DA:157,12
DA:178,1
LF:48
LH:47
BRDA:27,0,0,40
BRDA:27,0,1,0
BRDA:66,1,0,0
BRDA:66,1,1,8
BRDA:70,2,0,8
BRDA:70,2,1,0
BRDA:101,3,0,40
BRDA:101,3,1,18
BRDA:118,4,0,8
BRDA:118,4,1,0
BRDA:124,5,0,8
BRDA:124,5,1,0
BRDA:133,6,0,40
BRDA:133,6,1,12
BRDA:145,7,0,40
BRDA:145,7,1,2
BRF:16
BRH:11
end_of_record
TN:
SF:src\components\MusicBrief.jsx
FN:1,MusicBrief
FN:24,(anonymous_1)
FN:30,(anonymous_2)
FNF:3
FNH:3
FNDA:55,MusicBrief
FNDA:30,(anonymous_1)
FNDA:24,(anonymous_2)
DA:2,55
DA:3,4
DA:11,51
DA:12,35
DA:20,16
DA:25,30
DA:31,24
DA:48,2
LF:8
LH:8
BRDA:2,0,0,4
BRDA:2,0,1,51
BRDA:11,1,0,35
BRDA:11,1,1,16
BRDA:11,2,0,51
BRDA:11,2,1,49
BRF:6
BRH:6
end_of_record
TN:
SF:src\utils\api.js
FN:3,generateStoryResponse
FNF:1
FNH:1
FNDA:7,generateStoryResponse
DA:4,7
DA:20,7
DA:22,7
DA:23,2
DA:26,5
LF:5
LH:5
BRDA:22,0,0,2
BRDA:22,0,1,5
BRDA:23,1,0,2
BRDA:23,1,1,1
BRDA:26,2,0,5
BRDA:26,2,1,1
BRF:6
BRH:6
end_of_record
TN:
SF:src\utils\lore.js
FNF:0
FNH:0
DA:1,1
LF:1
LH:1
BRF:0
BRH:0
end_of_record
TN:
SF:src\utils\musicAnalyzer.js
FN:1,analyzeSceneMood
FNF:1
FNH:1
FNDA:10,analyzeSceneMood
DA:2,10
DA:32,10
DA:33,10
DA:35,9
DA:36,9
DA:37,9
DA:39,8
LF:7
LH:7
BRDA:33,0,0,1
BRDA:33,0,1,9
BRDA:33,1,0,1
BRDA:33,1,1,0
BRDA:35,2,0,9
BRDA:35,2,1,0
BRDA:37,3,0,1
BRDA:37,3,1,8
BRF:8
BRH:6
end_of_record
TN:
SF:src\utils\musicDatabase.js
FNF:0
FNH:0
DA:1,1
LF:1
LH:1
BRF:0
BRH:0
end_of_record
TN:
SF:src\utils\musicMatcher.js
FN:3,scorePiece
FN:6,(anonymous_1)
FN:26,matchMusic
FN:28,(anonymous_3)
FN:29,(anonymous_4)
FN:30,(anonymous_5)
FN:32,(anonymous_6)
FNF:7
FNH:7
FNDA:220,scorePiece
FNDA:260,(anonymous_1)
FNDA:11,matchMusic
FNDA:220,(anonymous_3)
FNDA:220,(anonymous_4)
FNDA:45,(anonymous_5)
FNDA:29,(anonymous_6)
DA:4,220
DA:6,260
DA:7,220
DA:10,220
DA:11,47
DA:13,47
DA:20,47
DA:23,220
DA:27,11
DA:28,220
DA:29,220
DA:30,45
DA:32,29
LF:13
LH:13
BRDA:10,0,0,47
BRDA:10,0,1,173
BRDA:11,1,0,34
BRDA:11,1,1,13
BRDA:20,2,0,12
BRDA:20,2,1,35
BRDA:26,3,0,10
BRF:7
BRH:7
end_of_record
TN:
SF:src\utils\parseResponse.js
FN:1,parseResponse
FN:13,(anonymous_1)
FN:14,(anonymous_2)
FNF:3
FNH:3
FNDA:13,parseResponse
FNDA:36,(anonymous_1)
FNDA:36,(anonymous_2)
DA:2,13
DA:4,13
DA:5,1
DA:8,12
DA:9,12
DA:11,12
DA:13,36
DA:14,36
DA:16,12
LF:9
LH:9
BRDA:4,0,0,1
BRDA:4,0,1,12
BRF:2
BRH:2
end_of_record
